\BOOKMARK [0][-]{chapter.1}{\376\377\000I\000n\000t\000r\000o\000d\000u\000c\000t\000i\000o\000n\000\040\000t\000o\000\040\000P\000I\000E\000F\000A\000C\000E}{}% 1
\BOOKMARK [1][-]{section.1.1}{\376\377\000P\000o\000l\000y\000h\000e\000d\000r\000a\000\040\000I\000n\000s\000c\000r\000i\000b\000i\000n\000g\000\040\000E\000l\000l\000i\000p\000s\000o\000i\000d\000s\000\040\000F\000o\000r\000\040\000A\000n\000a\000l\000y\000s\000i\000s\000\040\000o\000f\000\040\000C\000o\000o\000r\000d\000i\000n\000a\000t\000i\000o\000n\000\040\000E\000n\000v\000i\000r\000o\000n\000m\000e\000n\000t\000s}{chapter.1}% 2
\BOOKMARK [1][-]{section.1.2}{\376\377\000C\000i\000t\000i\000n\000g\000\040\000p\000i\000e\000f\000a\000c\000e}{chapter.1}% 3
\BOOKMARK [1][-]{section.1.3}{\376\377\000G\000e\000t\000t\000i\000n\000g\000\040\000S\000t\000a\000r\000t\000e\000d}{chapter.1}% 4
\BOOKMARK [1][-]{section.1.4}{\376\377\000L\000i\000c\000e\000n\000s\000e}{chapter.1}% 5
\BOOKMARK [1][-]{section.1.5}{\376\377\000D\000i\000s\000c\000l\000a\000i\000m\000e\000r}{chapter.1}% 6
\BOOKMARK [1][-]{section.1.6}{\376\377\000A\000u\000t\000h\000o\000r\000s}{chapter.1}% 7
\BOOKMARK [0][-]{chapter.2}{\376\377\000I\000n\000s\000t\000a\000l\000l\000a\000t\000i\000o\000n}{}% 8
\BOOKMARK [1][-]{section.2.1}{\376\377\000R\000e\000q\000u\000i\000r\000e\000m\000e\000n\000t\000s}{chapter.2}% 9
\BOOKMARK [1][-]{section.2.2}{\376\377\000I\000n\000s\000t\000a\000l\000l\000i\000n\000g}{chapter.2}% 10
\BOOKMARK [1][-]{section.2.3}{\376\377\000I\000n\000s\000t\000a\000l\000l\000a\000t\000i\000o\000n\000\040\000f\000r\000o\000m\000\040\000S\000o\000u\000r\000c\000e\000s}{chapter.2}% 11
\BOOKMARK [1][-]{section.2.4}{\376\377\000T\000e\000s\000t\000i\000n\000g}{chapter.2}% 12
\BOOKMARK [1][-]{section.2.5}{\376\377\000R\000u\000n\000\040\000I\000t\000!}{chapter.2}% 13
\BOOKMARK [0][-]{chapter.3}{\376\377\000T\000u\000t\000o\000r\000i\000a\000l\000s}{}% 14
\BOOKMARK [0][-]{chapter.4}{\376\377\000U\000s\000e\000r\000-\000i\000n\000t\000e\000r\000f\000a\000c\000e\000\040\000D\000o\000c\000u\000m\000e\000n\000t\000a\000t\000i\000o\000n}{}% 15
\BOOKMARK [1][-]{section.4.1}{\376\377\000C\000I\000F\000e\000l\000l\000i\000p\000s\000o\000i\000d}{chapter.4}% 16
\BOOKMARK [0][-]{chapter.5}{\376\377\000A\000P\000I\000\040\000R\000e\000f\000e\000r\000e\000n\000c\000e}{}% 17
\BOOKMARK [1][-]{section.5.1}{\376\377\000E\000l\000l\000i\000p\000s\000o\000i\000d\000\040\000M\000o\000d\000u\000l\000e}{chapter.5}% 18
\BOOKMARK [1][-]{section.5.2}{\376\377\000P\000o\000l\000y\000h\000e\000d\000r\000o\000n}{chapter.5}% 19
\BOOKMARK [1][-]{section.5.3}{\376\377\000C\000r\000y\000s\000t\000a\000l}{chapter.5}% 20
\BOOKMARK [1][-]{section.5.4}{\376\377\000P\000l\000o\000t\000\040\000E\000l\000l\000i\000p\000s\000o\000i\000d}{chapter.5}% 21
\BOOKMARK [1][-]{section.5.5}{\376\377\000C\000I\000F\000\040\000c\000a\000l\000c\000u\000l\000a\000t\000i\000o\000n\000\040\000r\000o\000u\000t\000i\000n\000e\000s}{chapter.5}% 22
\BOOKMARK [1][-]{section.5.6}{\376\377\000U\000t\000i\000l\000i\000t\000y\000\040\000F\000u\000n\000c\000t\000i\000o\000n\000s}{chapter.5}% 23
\BOOKMARK [0][-]{chapter.6}{\376\377\000G\000l\000o\000s\000s\000a\000r\000y}{}% 24
\BOOKMARK [0][-]{chapter.7}{\376\377\000I\000n\000d\000i\000c\000e\000s\000\040\000a\000n\000d\000\040\000t\000a\000b\000l\000e\000s}{}% 25
\BOOKMARK [0][-]{section*.83}{\376\377\000P\000y\000t\000h\000o\000n\000\040\000M\000o\000d\000u\000l\000e\000\040\000I\000n\000d\000e\000x}{}% 26
\BOOKMARK [0][-]{section*.84}{\376\377\000I\000n\000d\000e\000x}{}% 27
